<?xml version="1.0" encoding="UTF-8"?>
<testng-results ignored="0" total="8" passed="6" failed="2" skipped="0">
  <reporter-output>
  </reporter-output>
  <suite started-at="2018-05-23T16:27:36Z" name="Suite" finished-at="2018-05-23T16:31:09Z" duration-ms="212194">
    <groups>
    </groups>
    <test started-at="2018-05-23T16:27:36Z" name="Test" finished-at="2018-05-23T16:31:09Z" duration-ms="212194">
      <class name="dpnztestcases.DPNZchangepasswordTest">
        <test-method is-config="true" signature="launchurl()[pri:0, instance:dpnztestcases.DPNZchangepasswordTest@6a2b953e]" started-at="2018-05-23T16:30:45Z" name="launchurl" finished-at="2018-05-23T16:30:58Z" duration-ms="12994" status="PASS">
          <reporter-output>
          </reporter-output>
        </test-method> <!-- launchurl -->
        <test-method signature="changepasswordTest()[pri:0, instance:dpnztestcases.DPNZchangepasswordTest@6a2b953e]" started-at="2018-05-23T16:30:58Z" name="changepasswordTest" finished-at="2018-05-23T16:31:07Z" duration-ms="9415" status="FAIL">
          <exception class="org.openqa.selenium.NoSuchElementException">
            <message>
              <![CDATA[no such element: Unable to locate element: {"method":"partial link text","selector":"Change Password"}
  (Session info: chrome=66.0.3359.181)
  (Driver info: chromedriver=2.36.540470 (e522d04694c7ebea4ba8821272dbef4f9b818c91),platform=Windows NT 10.0.16299 x86_64) (WARNING: The server did not provide any stacktrace information)
Command duration or timeout: 0 milliseconds
For documentation on this error, please visit: http://seleniumhq.org/exceptions/no_such_element.html
Build info: version: '3.11.0', revision: 'e59cfb3', time: '2018-03-11T20:26:55.152Z'
System info: host: 'DESKTOP-189EDUB', ip: '192.168.56.1', os.name: 'Windows 10', os.arch: 'amd64', os.version: '10.0', java.version: '9.0.4'
Driver info: org.openqa.selenium.chrome.ChromeDriver
Capabilities {acceptInsecureCerts: false, acceptSslCerts: false, applicationCacheEnabled: false, browserConnectionEnabled: false, browserName: chrome, chrome: {chromedriverVersion: 2.36.540470 (e522d04694c7eb..., userDataDir: C:\Users\Admin\AppData\Loca...}, cssSelectorsEnabled: true, databaseEnabled: false, handlesAlerts: true, hasTouchScreen: false, javascriptEnabled: true, locationContextEnabled: true, mobileEmulationEnabled: false, nativeEvents: true, networkConnectionEnabled: false, pageLoadStrategy: normal, platform: XP, platformName: XP, rotatable: false, setWindowRect: true, takesHeapSnapshot: true, takesScreenshot: true, unexpectedAlertBehaviour: , unhandledPromptBehavior: , version: 66.0.3359.181, webStorageEnabled: true}
Session ID: df01eee8fbece4e374694e5d7a576def
*** Element info: {Using=partial link text, value=Change Password}]]>
            </message>
            <full-stacktrace>
              <![CDATA[org.openqa.selenium.NoSuchElementException: no such element: Unable to locate element: {"method":"partial link text","selector":"Change Password"}
  (Session info: chrome=66.0.3359.181)
  (Driver info: chromedriver=2.36.540470 (e522d04694c7ebea4ba8821272dbef4f9b818c91),platform=Windows NT 10.0.16299 x86_64) (WARNING: The server did not provide any stacktrace information)
Command duration or timeout: 0 milliseconds
For documentation on this error, please visit: http://seleniumhq.org/exceptions/no_such_element.html
Build info: version: '3.11.0', revision: 'e59cfb3', time: '2018-03-11T20:26:55.152Z'
System info: host: 'DESKTOP-189EDUB', ip: '192.168.56.1', os.name: 'Windows 10', os.arch: 'amd64', os.version: '10.0', java.version: '9.0.4'
Driver info: org.openqa.selenium.chrome.ChromeDriver
Capabilities {acceptInsecureCerts: false, acceptSslCerts: false, applicationCacheEnabled: false, browserConnectionEnabled: false, browserName: chrome, chrome: {chromedriverVersion: 2.36.540470 (e522d04694c7eb..., userDataDir: C:\Users\Admin\AppData\Loca...}, cssSelectorsEnabled: true, databaseEnabled: false, handlesAlerts: true, hasTouchScreen: false, javascriptEnabled: true, locationContextEnabled: true, mobileEmulationEnabled: false, nativeEvents: true, networkConnectionEnabled: false, pageLoadStrategy: normal, platform: XP, platformName: XP, rotatable: false, setWindowRect: true, takesHeapSnapshot: true, takesScreenshot: true, unexpectedAlertBehaviour: , unhandledPromptBehavior: , version: 66.0.3359.181, webStorageEnabled: true}
Session ID: df01eee8fbece4e374694e5d7a576def
*** Element info: {Using=partial link text, value=Change Password}
at java.base/jdk.internal.reflect.NativeConstructorAccessorImpl.newInstance0(Native Method)
at java.base/jdk.internal.reflect.NativeConstructorAccessorImpl.newInstance(Unknown Source)
at java.base/jdk.internal.reflect.DelegatingConstructorAccessorImpl.newInstance(Unknown Source)
at java.base/java.lang.reflect.Constructor.newInstance(Unknown Source)
at org.openqa.selenium.remote.ErrorHandler.createThrowable(ErrorHandler.java:214)
at org.openqa.selenium.remote.ErrorHandler.throwIfResponseFailed(ErrorHandler.java:166)
at org.openqa.selenium.remote.http.JsonHttpResponseCodec.reconstructValue(JsonHttpResponseCodec.java:40)
at org.openqa.selenium.remote.http.AbstractHttpResponseCodec.decode(AbstractHttpResponseCodec.java:80)
at org.openqa.selenium.remote.http.AbstractHttpResponseCodec.decode(AbstractHttpResponseCodec.java:44)
at org.openqa.selenium.remote.HttpCommandExecutor.execute(HttpCommandExecutor.java:158)
at org.openqa.selenium.remote.service.DriverCommandExecutor.execute(DriverCommandExecutor.java:83)
at org.openqa.selenium.remote.RemoteWebDriver.execute(RemoteWebDriver.java:545)
at org.openqa.selenium.remote.RemoteWebDriver.findElement(RemoteWebDriver.java:319)
at org.openqa.selenium.remote.RemoteWebDriver.findElementByPartialLinkText(RemoteWebDriver.java:381)
at org.openqa.selenium.By$ByPartialLinkText.findElement(By.java:273)
at org.openqa.selenium.remote.RemoteWebDriver.findElement(RemoteWebDriver.java:311)
at dpnzpages.DPNZprofilesettingspage.clickonchangepassword(DPNZprofilesettingspage.java:19)
at dpnztestcases.DPNZchangepasswordTest.changepasswordTest(DPNZchangepasswordTest.java:40)
at java.base/jdk.internal.reflect.NativeMethodAccessorImpl.invoke0(Native Method)
at java.base/jdk.internal.reflect.NativeMethodAccessorImpl.invoke(Unknown Source)
at java.base/jdk.internal.reflect.DelegatingMethodAccessorImpl.invoke(Unknown Source)
at java.base/java.lang.reflect.Method.invoke(Unknown Source)
at org.testng.internal.MethodInvocationHelper.invokeMethod(MethodInvocationHelper.java:124)
at org.testng.internal.Invoker.invokeMethod(Invoker.java:580)
at org.testng.internal.Invoker.invokeTestMethod(Invoker.java:716)
at org.testng.internal.Invoker.invokeTestMethods(Invoker.java:988)
at org.testng.internal.TestMethodWorker.invokeTestMethods(TestMethodWorker.java:125)
at org.testng.internal.TestMethodWorker.run(TestMethodWorker.java:109)
at org.testng.TestRunner.privateRun(TestRunner.java:648)
at org.testng.TestRunner.run(TestRunner.java:505)
at org.testng.SuiteRunner.runTest(SuiteRunner.java:455)
at org.testng.SuiteRunner.runSequentially(SuiteRunner.java:450)
at org.testng.SuiteRunner.privateRun(SuiteRunner.java:415)
at org.testng.SuiteRunner.run(SuiteRunner.java:364)
at org.testng.SuiteRunnerWorker.runSuite(SuiteRunnerWorker.java:52)
at org.testng.SuiteRunnerWorker.run(SuiteRunnerWorker.java:84)
at org.testng.TestNG.runSuitesSequentially(TestNG.java:1208)
at org.testng.TestNG.runSuitesLocally(TestNG.java:1137)
at org.testng.TestNG.runSuites(TestNG.java:1049)
at org.testng.TestNG.run(TestNG.java:1017)
at org.testng.remote.AbstractRemoteTestNG.run(AbstractRemoteTestNG.java:114)
at org.testng.remote.RemoteTestNG.initAndRun(RemoteTestNG.java:251)
at org.testng.remote.RemoteTestNG.main(RemoteTestNG.java:77)
]]>
            </full-stacktrace>
          </exception> <!-- org.openqa.selenium.NoSuchElementException -->
          <reporter-output>
          </reporter-output>
        </test-method> <!-- changepasswordTest -->
        <test-method is-config="true" signature="closeApplication(org.testng.ITestResult)[pri:0, instance:dpnztestcases.DPNZchangepasswordTest@6a2b953e]" started-at="2018-05-23T16:31:07Z" name="closeApplication" finished-at="2018-05-23T16:31:09Z" duration-ms="1576" status="PASS">
          <params>
            <param index="0">
              <value>
                <![CDATA[[TestResult name=changepasswordTest status=FAILURE method=DPNZchangepasswordTest.changepasswordTest()[pri:0, instance:dpnztestcases.DPNZchangepasswordTest@6a2b953e] output={null}]]]>
              </value>
            </param>
          </params>
          <reporter-output>
          </reporter-output>
        </test-method> <!-- closeApplication -->
      </class> <!-- dpnztestcases.DPNZchangepasswordTest -->
      <class name="dpnztestcases.DPNZloginTest">
        <test-method is-config="true" signature="launchurl()[pri:0, instance:dpnztestcases.DPNZloginTest@2638011]" started-at="2018-05-23T16:27:36Z" name="launchurl" finished-at="2018-05-23T16:27:54Z" duration-ms="17377" status="PASS">
          <reporter-output>
          </reporter-output>
        </test-method> <!-- launchurl -->
        <test-method signature="invalidnullloginTest()[pri:0, instance:dpnztestcases.DPNZloginTest@2638011]" started-at="2018-05-23T16:27:54Z" name="invalidnullloginTest" finished-at="2018-05-23T16:28:05Z" duration-ms="11372" status="PASS">
          <reporter-output>
          </reporter-output>
        </test-method> <!-- invalidnullloginTest -->
        <test-method is-config="true" signature="closeApplication(org.testng.ITestResult)[pri:0, instance:dpnztestcases.DPNZloginTest@2638011]" started-at="2018-05-23T16:28:05Z" name="closeApplication" finished-at="2018-05-23T16:28:06Z" duration-ms="875" status="PASS">
          <params>
            <param index="0">
              <value>
                <![CDATA[[TestResult name=invalidnullloginTest status=SUCCESS method=DPNZloginTest.invalidnullloginTest()[pri:0, instance:dpnztestcases.DPNZloginTest@2638011] output={null}]]]>
              </value>
            </param>
          </params>
          <reporter-output>
          </reporter-output>
        </test-method> <!-- closeApplication -->
        <test-method is-config="true" signature="launchurl()[pri:0, instance:dpnztestcases.DPNZloginTest@2638011]" started-at="2018-05-23T16:28:06Z" name="launchurl" finished-at="2018-05-23T16:28:19Z" duration-ms="13218" status="PASS">
          <reporter-output>
          </reporter-output>
        </test-method> <!-- launchurl -->
        <test-method signature="invalidnullpwdloginTest()[pri:0, instance:dpnztestcases.DPNZloginTest@2638011]" started-at="2018-05-23T16:28:19Z" name="invalidnullpwdloginTest" finished-at="2018-05-23T16:28:31Z" duration-ms="11920" status="PASS">
          <reporter-output>
          </reporter-output>
        </test-method> <!-- invalidnullpwdloginTest -->
        <test-method is-config="true" signature="closeApplication(org.testng.ITestResult)[pri:0, instance:dpnztestcases.DPNZloginTest@2638011]" started-at="2018-05-23T16:28:31Z" name="closeApplication" finished-at="2018-05-23T16:28:32Z" duration-ms="1126" status="PASS">
          <params>
            <param index="0">
              <value>
                <![CDATA[[TestResult name=invalidnullpwdloginTest status=SUCCESS method=DPNZloginTest.invalidnullpwdloginTest()[pri:0, instance:dpnztestcases.DPNZloginTest@2638011] output={null}]]]>
              </value>
            </param>
          </params>
          <reporter-output>
          </reporter-output>
        </test-method> <!-- closeApplication -->
        <test-method is-config="true" signature="launchurl()[pri:0, instance:dpnztestcases.DPNZloginTest@2638011]" started-at="2018-05-23T16:28:32Z" name="launchurl" finished-at="2018-05-23T16:28:47Z" duration-ms="14833" status="PASS">
          <reporter-output>
          </reporter-output>
        </test-method> <!-- launchurl -->
        <test-method signature="invalidnullusernameloginTest()[pri:0, instance:dpnztestcases.DPNZloginTest@2638011]" started-at="2018-05-23T16:28:47Z" name="invalidnullusernameloginTest" finished-at="2018-05-23T16:28:54Z" duration-ms="6410" status="FAIL">
          <exception class="java.lang.AssertionError">
            <message>
              <![CDATA[expected [Email cannot be blank.] but found []]]>
            </message>
            <full-stacktrace>
              <![CDATA[java.lang.AssertionError: expected [Email cannot be blank.] but found []
at org.testng.Assert.fail(Assert.java:96)
at org.testng.Assert.failNotEquals(Assert.java:776)
at org.testng.Assert.assertEqualsImpl(Assert.java:137)
at org.testng.Assert.assertEquals(Assert.java:118)
at org.testng.Assert.assertEquals(Assert.java:453)
at org.testng.Assert.assertEquals(Assert.java:463)
at dpnztestcases.DPNZloginTest.invalidnullusernameloginTest(DPNZloginTest.java:99)
at java.base/jdk.internal.reflect.NativeMethodAccessorImpl.invoke0(Native Method)
at java.base/jdk.internal.reflect.NativeMethodAccessorImpl.invoke(Unknown Source)
at java.base/jdk.internal.reflect.DelegatingMethodAccessorImpl.invoke(Unknown Source)
at java.base/java.lang.reflect.Method.invoke(Unknown Source)
at org.testng.internal.MethodInvocationHelper.invokeMethod(MethodInvocationHelper.java:124)
at org.testng.internal.Invoker.invokeMethod(Invoker.java:580)
at org.testng.internal.Invoker.invokeTestMethod(Invoker.java:716)
at org.testng.internal.Invoker.invokeTestMethods(Invoker.java:988)
at org.testng.internal.TestMethodWorker.invokeTestMethods(TestMethodWorker.java:125)
at org.testng.internal.TestMethodWorker.run(TestMethodWorker.java:109)
at org.testng.TestRunner.privateRun(TestRunner.java:648)
at org.testng.TestRunner.run(TestRunner.java:505)
at org.testng.SuiteRunner.runTest(SuiteRunner.java:455)
at org.testng.SuiteRunner.runSequentially(SuiteRunner.java:450)
at org.testng.SuiteRunner.privateRun(SuiteRunner.java:415)
at org.testng.SuiteRunner.run(SuiteRunner.java:364)
at org.testng.SuiteRunnerWorker.runSuite(SuiteRunnerWorker.java:52)
at org.testng.SuiteRunnerWorker.run(SuiteRunnerWorker.java:84)
at org.testng.TestNG.runSuitesSequentially(TestNG.java:1208)
at org.testng.TestNG.runSuitesLocally(TestNG.java:1137)
at org.testng.TestNG.runSuites(TestNG.java:1049)
at org.testng.TestNG.run(TestNG.java:1017)
at org.testng.remote.AbstractRemoteTestNG.run(AbstractRemoteTestNG.java:114)
at org.testng.remote.RemoteTestNG.initAndRun(RemoteTestNG.java:251)
at org.testng.remote.RemoteTestNG.main(RemoteTestNG.java:77)
]]>
            </full-stacktrace>
          </exception> <!-- java.lang.AssertionError -->
          <reporter-output>
          </reporter-output>
        </test-method> <!-- invalidnullusernameloginTest -->
        <test-method is-config="true" signature="closeApplication(org.testng.ITestResult)[pri:0, instance:dpnztestcases.DPNZloginTest@2638011]" started-at="2018-05-23T16:28:54Z" name="closeApplication" finished-at="2018-05-23T16:28:56Z" duration-ms="2104" status="PASS">
          <params>
            <param index="0">
              <value>
                <![CDATA[[TestResult name=invalidnullusernameloginTest status=FAILURE method=DPNZloginTest.invalidnullusernameloginTest()[pri:0, instance:dpnztestcases.DPNZloginTest@2638011] output={null}]]]>
              </value>
            </param>
          </params>
          <reporter-output>
          </reporter-output>
        </test-method> <!-- closeApplication -->
        <test-method is-config="true" signature="launchurl()[pri:0, instance:dpnztestcases.DPNZloginTest@2638011]" started-at="2018-05-23T16:28:56Z" name="launchurl" finished-at="2018-05-23T16:29:10Z" duration-ms="13825" status="PASS">
          <reporter-output>
          </reporter-output>
        </test-method> <!-- launchurl -->
        <test-method signature="invalidpswdloginTest()[pri:0, instance:dpnztestcases.DPNZloginTest@2638011]" started-at="2018-05-23T16:29:10Z" name="invalidpswdloginTest" finished-at="2018-05-23T16:29:21Z" duration-ms="11693" status="PASS">
          <reporter-output>
          </reporter-output>
        </test-method> <!-- invalidpswdloginTest -->
        <test-method is-config="true" signature="closeApplication(org.testng.ITestResult)[pri:0, instance:dpnztestcases.DPNZloginTest@2638011]" started-at="2018-05-23T16:29:21Z" name="closeApplication" finished-at="2018-05-23T16:29:22Z" duration-ms="772" status="PASS">
          <params>
            <param index="0">
              <value>
                <![CDATA[[TestResult name=invalidpswdloginTest status=SUCCESS method=DPNZloginTest.invalidpswdloginTest()[pri:0, instance:dpnztestcases.DPNZloginTest@2638011] output={null}]]]>
              </value>
            </param>
          </params>
          <reporter-output>
          </reporter-output>
        </test-method> <!-- closeApplication -->
        <test-method is-config="true" signature="launchurl()[pri:0, instance:dpnztestcases.DPNZloginTest@2638011]" started-at="2018-05-23T16:29:22Z" name="launchurl" finished-at="2018-05-23T16:29:36Z" duration-ms="14367" status="PASS">
          <reporter-output>
          </reporter-output>
        </test-method> <!-- launchurl -->
        <test-method signature="invalidusernameloginTest()[pri:0, instance:dpnztestcases.DPNZloginTest@2638011]" started-at="2018-05-23T16:29:36Z" name="invalidusernameloginTest" finished-at="2018-05-23T16:29:43Z" duration-ms="7062" status="PASS">
          <reporter-output>
          </reporter-output>
        </test-method> <!-- invalidusernameloginTest -->
        <test-method is-config="true" signature="closeApplication(org.testng.ITestResult)[pri:0, instance:dpnztestcases.DPNZloginTest@2638011]" started-at="2018-05-23T16:29:43Z" name="closeApplication" finished-at="2018-05-23T16:29:44Z" duration-ms="832" status="PASS">
          <params>
            <param index="0">
              <value>
                <![CDATA[[TestResult name=invalidusernameloginTest status=SUCCESS method=DPNZloginTest.invalidusernameloginTest()[pri:0, instance:dpnztestcases.DPNZloginTest@2638011] output={null}]]]>
              </value>
            </param>
          </params>
          <reporter-output>
          </reporter-output>
        </test-method> <!-- closeApplication -->
        <test-method is-config="true" signature="launchurl()[pri:0, instance:dpnztestcases.DPNZloginTest@2638011]" started-at="2018-05-23T16:29:44Z" name="launchurl" finished-at="2018-05-23T16:29:59Z" duration-ms="14463" status="PASS">
          <reporter-output>
          </reporter-output>
        </test-method> <!-- launchurl -->
        <test-method signature="validloginTest()[pri:0, instance:dpnztestcases.DPNZloginTest@2638011]" started-at="2018-05-23T16:29:59Z" name="validloginTest" finished-at="2018-05-23T16:30:11Z" duration-ms="12655" status="PASS">
          <reporter-output>
          </reporter-output>
        </test-method> <!-- validloginTest -->
        <test-method is-config="true" signature="closeApplication(org.testng.ITestResult)[pri:0, instance:dpnztestcases.DPNZloginTest@2638011]" started-at="2018-05-23T16:30:11Z" name="closeApplication" finished-at="2018-05-23T16:30:12Z" duration-ms="748" status="PASS">
          <params>
            <param index="0">
              <value>
                <![CDATA[[TestResult name=validloginTest status=SUCCESS method=DPNZloginTest.validloginTest()[pri:0, instance:dpnztestcases.DPNZloginTest@2638011] output={null}]]]>
              </value>
            </param>
          </params>
          <reporter-output>
          </reporter-output>
        </test-method> <!-- closeApplication -->
      </class> <!-- dpnztestcases.DPNZloginTest -->
      <class name="dpnztestcases.DPNZsignupTest">
        <test-method is-config="true" signature="launchurl()[pri:0, instance:dpnztestcases.DPNZsignupTest@6ff29830]" started-at="2018-05-23T16:30:12Z" name="launchurl" finished-at="2018-05-23T16:30:25Z" duration-ms="13315" status="PASS">
          <reporter-output>
          </reporter-output>
        </test-method> <!-- launchurl -->
        <test-method signature="validsignupTest()[pri:0, instance:dpnztestcases.DPNZsignupTest@6ff29830]" started-at="2018-05-23T16:30:25Z" name="validsignupTest" finished-at="2018-05-23T16:30:44Z" duration-ms="18352" status="PASS">
          <reporter-output>
          </reporter-output>
        </test-method> <!-- validsignupTest -->
        <test-method is-config="true" signature="closeApplication(org.testng.ITestResult)[pri:0, instance:dpnztestcases.DPNZsignupTest@6ff29830]" started-at="2018-05-23T16:30:44Z" name="closeApplication" finished-at="2018-05-23T16:30:45Z" duration-ms="771" status="PASS">
          <params>
            <param index="0">
              <value>
                <![CDATA[[TestResult name=validsignupTest status=SUCCESS method=DPNZsignupTest.validsignupTest()[pri:0, instance:dpnztestcases.DPNZsignupTest@6ff29830] output={null}]]]>
              </value>
            </param>
          </params>
          <reporter-output>
          </reporter-output>
        </test-method> <!-- closeApplication -->
      </class> <!-- dpnztestcases.DPNZsignupTest -->
    </test> <!-- Test -->
  </suite> <!-- Suite -->
</testng-results>
